<?xml version="1.0" encoding="UTF-8"?>
<testsuite failures="2" skip="0" tests="21" name="Acceptance" errors="0">
<testcase classname="Acceptance.1 RegistrationTest" name="TС 1.1 Valid registration with admin role" time="9">
</testcase>
<testcase classname="Acceptance.1 RegistrationTest" name="TС 1.2 Valid registration with Read Only role" time="6">
</testcase>
<testcase classname="Acceptance.1 RegistrationTest" name="TС 1.3 Valid registration with Read / Write role" time="6">
</testcase>
<testcase classname="Acceptance.1 RegistrationTest" name="TС 2.1 Valid username" time="6">
</testcase>
<testcase classname="Acceptance.1 RegistrationTest" name="TС 2.2 Repeat registration" time="6">
</testcase>
<testcase classname="Acceptance.1 RegistrationTest" name="TС 2.3 Invalid username less symbols" time="6">
</testcase>
<testcase classname="Acceptance.1 RegistrationTest" name="TС 2.4 Invalid username more symbols" time="6">
<failure message="expected [Login must be alphanumeric string with length =&gt; 6 and &lt;= 50.] but found [User with such login already exists.]" type="AssertionError"></failure>
</testcase>
<testcase classname="Acceptance.1 RegistrationTest" name="TС 2.5 Invalid username with non-alphanumeric symbol" time="6">
</testcase>
<testcase classname="Acceptance.1 RegistrationTest" name="TС 2.6 Empty username" time="6">
</testcase>
<testcase classname="Acceptance.1 RegistrationTest" name="TС 3.1 Invalid password less length" time="6">
</testcase>
<testcase classname="Acceptance.1 RegistrationTest" name="TС 3.2 Invalid password more length" time="6">
<failure message="expected [Password length must me &gt;= 8 and &lt;= 50.] but found [Password must match confirm password.]" type="AssertionError"></failure>
</testcase>
<testcase classname="Acceptance.1 RegistrationTest" name="TС 3.3 Invalid password no number" time="6">
</testcase>
<testcase classname="Acceptance.1 RegistrationTest" name="TС 3.4 Invalid password no upper symbol" time="6">
</testcase>
<testcase classname="Acceptance.1 RegistrationTest" name="TС 3.5 Invalid password no non-alphanumeric symbols" time="6">
</testcase>
<testcase classname="Acceptance.1 RegistrationTest" name="TС 3.6 Empty password" time="5">
</testcase>
<testcase classname="Acceptance.1 RegistrationTest" name="TС 4.1 Invalid e-mail no '@'" time="6">
</testcase>
<testcase classname="Acceptance.1 RegistrationTest" name="TС 4.2 Invalid e-mail no @" time="6">
</testcase>
<testcase classname="Acceptance.1 RegistrationTest" name="TС 4.3 Empty e-mail" time="6">
</testcase>
<testcase classname="Acceptance.1 RegistrationTest" name="TС 5.1 Don't pick pole" time="6">
</testcase>
<testcase classname="Acceptance.1 RegistrationTest" name="TC 8.1 Empty confirm password" time="6">
</testcase>
<testcase classname="Acceptance.1 RegistrationTest" name="TC 8.2 Non-repeatable confirm password" time="6">
</testcase>
</testsuite>
